657474.1415287436
636422.6037393452
630960.1485342319
628404.3649086225
626363.9277190464
624598.3893001311
623065.8360343657
621754.3707032208
620625.4872991171
619662.5411544088
618836.4917261446
618133.6416861276
617532.4292628234
617021.9987892392
616586.3059885227
616216.993000583
615902.237711769
615635.7410537997
615408.8555073435
615216.9149259996
615053.6256258142
614915.5671234663
614798.1784596846
614698.970493142
614614.6462070768
614543.4036717893
614482.8647396769
614431.7289064057
614388.2832105358
614351.5919374112
614320.4220620868
614294.1013246912
614271.7431711536
614252.8650657019
614236.8297140679
614223.2912912695
614211.7919240656
614202.0836661959
614193.8376648678
614186.876435463
614180.9636667385
614175.9723233324
614171.7328313474
614168.1539524299
614165.1142059899
614162.5482953119
614160.3687682056
614158.5289585231
614156.9662827476
614155.6473173462
614154.5269042988
614153.5811699945
614152.7778617046
614152.0998642214
614151.5239420412
614151.0377356728
614150.624853612
614150.2763065102
614149.9802441959
614149.7303674057
